[2022-10-03 14:09:38] local.ERROR: Connection could not be established with host "smtp.mailtrap.io:2525": stream_socket_client(): Unable to connect to smtp.mailtrap.io:2525 (Connection refused) {"exception":"[object] (Symfony\\Component\\Mailer\\Exception\\TransportException(code: 0): Connection could not be established with host \"smtp.mailtrap.io:2525\": stream_socket_client(): Unable to connect to smtp.mailtrap.io:2525 (Connection refused) at /home/mbus0/mbus.if.ua/api-dev/vendor/symfony/mailer/Transport/Smtp/Stream/SocketStream.php:154)
[stacktrace]
#0 [internal function]: Symfony\\Component\\Mailer\\Transport\\Smtp\\Stream\\SocketStream->Symfony\\Component\\Mailer\\Transport\\Smtp\\Stream\\{closure}(2, 'stream_socket_c...', '/home/mbus0/mbu...', 157)
#1 /home/mbus0/mbus.if.ua/api-dev/vendor/symfony/mailer/Transport/Smtp/Stream/SocketStream.php(157): stream_socket_client('smtp.mailtrap.i...', 0, '', 5.0, 4, Resource id #892)
#2 /home/mbus0/mbus.if.ua/api-dev/vendor/symfony/mailer/Transport/Smtp/SmtpTransport.php(251): Symfony\\Component\\Mailer\\Transport\\Smtp\\Stream\\SocketStream->initialize()
#3 /home/mbus0/mbus.if.ua/api-dev/vendor/symfony/mailer/Transport/Smtp/SmtpTransport.php(194): Symfony\\Component\\Mailer\\Transport\\Smtp\\SmtpTransport->start()
#4 /home/mbus0/mbus.if.ua/api-dev/vendor/symfony/mailer/Transport/AbstractTransport.php(68): Symfony\\Component\\Mailer\\Transport\\Smtp\\SmtpTransport->doSend(Object(Symfony\\Component\\Mailer\\SentMessage))
#5 /home/mbus0/mbus.if.ua/api-dev/vendor/symfony/mailer/Transport/Smtp/SmtpTransport.php(136): Symfony\\Component\\Mailer\\Transport\\AbstractTransport->send(Object(Symfony\\Component\\Mailer\\SentMessage), Object(Symfony\\Component\\Mailer\\DelayedEnvelope))
#6 /home/mbus0/mbus.if.ua/api-dev/vendor/laravel/framework/src/Illuminate/Mail/Mailer.php(521): Symfony\\Component\\Mailer\\Transport\\Smtp\\SmtpTransport->send(Object(Symfony\\Component\\Mime\\Email), Object(Symfony\\Component\\Mailer\\DelayedEnvelope))
#7 /home/mbus0/mbus.if.ua/api-dev/vendor/laravel/framework/src/Illuminate/Mail/Mailer.php(285): Illuminate\\Mail\\Mailer->sendSymfonyMessage(Object(Symfony\\Component\\Mime\\Email))
#8 /home/mbus0/mbus.if.ua/api-dev/vendor/laravel/framework/src/Illuminate/Mail/Mailable.php(211): Illuminate\\Mail\\Mailer->send(Object(Illuminate\\Support\\HtmlString), Array, Object(Closure))
#9 /home/mbus0/mbus.if.ua/api-dev/vendor/laravel/framework/src/Illuminate/Support/Traits/Localizable.php(19): Illuminate\\Mail\\Mailable->Illuminate\\Mail\\{closure}()
#10 /home/mbus0/mbus.if.ua/api-dev/vendor/laravel/framework/src/Illuminate/Mail/Mailable.php(212): Illuminate\\Mail\\Mailable->withLocale(NULL, Object(Closure))
#11 /home/mbus0/mbus.if.ua/api-dev/vendor/laravel/framework/src/Illuminate/Mail/Mailer.php(307): Illuminate\\Mail\\Mailable->send(Object(Illuminate\\Mail\\Mailer))
#12 /home/mbus0/mbus.if.ua/api-dev/vendor/laravel/framework/src/Illuminate/Mail/Mailer.php(253): Illuminate\\Mail\\Mailer->sendMailable(Object(App\\Mail\\SendMail))
#13 /home/mbus0/mbus.if.ua/api-dev/vendor/laravel/framework/src/Illuminate/Mail/PendingMail.php(124): Illuminate\\Mail\\Mailer->send(Object(App\\Mail\\SendMail))
#14 /home/mbus0/mbus.if.ua/api-dev/app/Http/Controllers/PasswordResetRequestController.php(41): Illuminate\\Mail\\PendingMail->send(Object(App\\Mail\\SendMail))
#15 /home/mbus0/mbus.if.ua/api-dev/app/Http/Controllers/PasswordResetRequestController.php(29): App\\Http\\Controllers\\PasswordResetRequestController->sendMail('golinskijandrij...')
#16 /home/mbus0/mbus.if.ua/api-dev/vendor/laravel/framework/src/Illuminate/Routing/Controller.php(54): App\\Http\\Controllers\\PasswordResetRequestController->sendPasswordResetEmail(Object(Illuminate\\Http\\Request))
#17 /home/mbus0/mbus.if.ua/api-dev/vendor/laravel/framework/src/Illuminate/Routing/ControllerDispatcher.php(45): Illuminate\\Routing\\Controller->callAction('sendPasswordRes...', Array)
#18 /home/mbus0/mbus.if.ua/api-dev/vendor/laravel/framework/src/Illuminate/Routing/Route.php(261): Illuminate\\Routing\\ControllerDispatcher->dispatch(Object(Illuminate\\Routing\\Route), Object(App\\Http\\Controllers\\PasswordResetRequestController), 'sendPasswordRes...')
#19 /home/mbus0/mbus.if.ua/api-dev/vendor/laravel/framework/src/Illuminate/Routing/Route.php(204): Illuminate\\Routing\\Route->runController()
#20 /home/mbus0/mbus.if.ua/api-dev/vendor/laravel/framework/src/Illuminate/Routing/Router.php(725): Illuminate\\Routing\\Route->run()
#21 /home/mbus0/mbus.if.ua/api-dev/vendor/laravel/framework/src/Illuminate/Pipeline/Pipeline.php(141): Illuminate\\Routing\\Router->Illuminate\\Routing\\{closure}(Object(Illuminate\\Http\\Request))
#22 /home/mbus0/mbus.if.ua/api-dev/vendor/laravel/framework/src/Illuminate/Routing/Middleware/SubstituteBindings.php(50): Illuminate\\Pipeline\\Pipeline->Illuminate\\Pipeline\\{closure}(Object(Illuminate\\Http\\Request))
#23 /home/mbus0/mbus.if.ua/api-dev/vendor/laravel/framework/src/Illuminate/Pipeline/Pipeline.php(180): Illuminate\\Routing\\Middleware\\SubstituteBindings->handle(Object(Illuminate\\Http\\Request), Object(Closure))
#24 /home/mbus0/mbus.if.ua/api-dev/vendor/laravel/framework/src/Illuminate/Routing/Middleware/ThrottleRequests.php(126): Illuminate\\Pipeline\\Pipeline->Illuminate\\Pipeline\\{closure}(Object(Illuminate\\Http\\Request))
#25 /home/mbus0/mbus.if.ua/api-dev/vendor/laravel/framework/src/Illuminate/Routing/Middleware/ThrottleRequests.php(102): Illuminate\\Routing\\Middleware\\ThrottleRequests->handleRequest(Object(Illuminate\\Http\\Request), Object(Closure), Array)
#26 /home/mbus0/mbus.if.ua/api-dev/vendor/laravel/framework/src/Illuminate/Routing/Middleware/ThrottleRequests.php(54): Illuminate\\Routing\\Middleware\\ThrottleRequests->handleRequestUsingNamedLimiter(Object(Illuminate\\Http\\Request), Object(Closure), 'api', Object(Closure))
#27 /home/mbus0/mbus.if.ua/api-dev/vendor/laravel/framework/src/Illuminate/Pipeline/Pipeline.php(180): Illuminate\\Routing\\Middleware\\ThrottleRequests->handle(Object(Illuminate\\Http\\Request), Object(Closure), 'api')
#28 /home/mbus0/mbus.if.ua/api-dev/vendor/laravel/framework/src/Illuminate/Pipeline/Pipeline.php(116): Illuminate\\Pipeline\\Pipeline->Illuminate\\Pipeline\\{closure}(Object(Illuminate\\Http\\Request))
#29 /home/mbus0/mbus.if.ua/api-dev/vendor/laravel/framework/src/Illuminate/Routing/Router.php(726): Illuminate\\Pipeline\\Pipeline->then(Object(Closure))
#30 /home/mbus0/mbus.if.ua/api-dev/vendor/laravel/framework/src/Illuminate/Routing/Router.php(703): Illuminate\\Routing\\Router->runRouteWithinStack(Object(Illuminate\\Routing\\Route), Object(Illuminate\\Http\\Request))
#31 /home/mbus0/mbus.if.ua/api-dev/vendor/laravel/framework/src/Illuminate/Routing/Router.php(667): Illuminate\\Routing\\Router->runRoute(Object(Illuminate\\Http\\Request), Object(Illuminate\\Routing\\Route))
#32 /home/mbus0/mbus.if.ua/api-dev/vendor/laravel/framework/src/Illuminate/Routing/Router.php(656): Illuminate\\Routing\\Router->dispatchToRoute(Object(Illuminate\\Http\\Request))
#33 /home/mbus0/mbus.if.ua/api-dev/vendor/laravel/framework/src/Illuminate/Foundation/Http/Kernel.php(167): Illuminate\\Routing\\Router->dispatch(Object(Illuminate\\Http\\Request))
#34 /home/mbus0/mbus.if.ua/api-dev/vendor/laravel/framework/src/Illuminate/Pipeline/Pipeline.php(141): Illuminate\\Foundation\\Http\\Kernel->Illuminate\\Foundation\\Http\\{closure}(Object(Illuminate\\Http\\Request))
#35 /home/mbus0/mbus.if.ua/api-dev/vendor/laravel/framework/src/Illuminate/Foundation/Http/Middleware/TransformsRequest.php(21): Illuminate\\Pipeline\\Pipeline->Illuminate\\Pipeline\\{closure}(Object(Illuminate\\Http\\Request))
#36 /home/mbus0/mbus.if.ua/api-dev/vendor/laravel/framework/src/Illuminate/Foundation/Http/Middleware/ConvertEmptyStringsToNull.php(31): Illuminate\\Foundation\\Http\\Middleware\\TransformsRequest->handle(Object(Illuminate\\Http\\Request), Object(Closure))
#37 /home/mbus0/mbus.if.ua/api-dev/vendor/laravel/framework/src/Illuminate/Pipeline/Pipeline.php(180): Illuminate\\Foundation\\Http\\Middleware\\ConvertEmptyStringsToNull->handle(Object(Illuminate\\Http\\Request), Object(Closure))
#38 /home/mbus0/mbus.if.ua/api-dev/vendor/laravel/framework/src/Illuminate/Foundation/Http/Middleware/TransformsRequest.php(21): Illuminate\\Pipeline\\Pipeline->Illuminate\\Pipeline\\{closure}(Object(Illuminate\\Http\\Request))
#39 /home/mbus0/mbus.if.ua/api-dev/vendor/laravel/framework/src/Illuminate/Foundation/Http/Middleware/TrimStrings.php(40): Illuminate\\Foundation\\Http\\Middleware\\TransformsRequest->handle(Object(Illuminate\\Http\\Request), Object(Closure))
#40 /home/mbus0/mbus.if.ua/api-dev/vendor/laravel/framework/src/Illuminate/Pipeline/Pipeline.php(180): Illuminate\\Foundation\\Http\\Middleware\\TrimStrings->handle(Object(Illuminate\\Http\\Request), Object(Closure))
#41 /home/mbus0/mbus.if.ua/api-dev/vendor/laravel/framework/src/Illuminate/Foundation/Http/Middleware/ValidatePostSize.php(27): Illuminate\\Pipeline\\Pipeline->Illuminate\\Pipeline\\{closure}(Object(Illuminate\\Http\\Request))
#42 /home/mbus0/mbus.if.ua/api-dev/vendor/laravel/framework/src/Illuminate/Pipeline/Pipeline.php(180): Illuminate\\Foundation\\Http\\Middleware\\ValidatePostSize->handle(Object(Illuminate\\Http\\Request), Object(Closure))
#43 /home/mbus0/mbus.if.ua/api-dev/vendor/laravel/framework/src/Illuminate/Foundation/Http/Middleware/PreventRequestsDuringMaintenance.php(86): Illuminate\\Pipeline\\Pipeline->Illuminate\\Pipeline\\{closure}(Object(Illuminate\\Http\\Request))
#44 /home/mbus0/mbus.if.ua/api-dev/vendor/laravel/framework/src/Illuminate/Pipeline/Pipeline.php(180): Illuminate\\Foundation\\Http\\Middleware\\PreventRequestsDuringMaintenance->handle(Object(Illuminate\\Http\\Request), Object(Closure))
#45 /home/mbus0/mbus.if.ua/api-dev/vendor/laravel/framework/src/Illuminate/Http/Middleware/HandleCors.php(62): Illuminate\\Pipeline\\Pipeline->Illuminate\\Pipeline\\{closure}(Object(Illuminate\\Http\\Request))
#46 /home/mbus0/mbus.if.ua/api-dev/vendor/laravel/framework/src/Illuminate/Pipeline/Pipeline.php(180): Illuminate\\Http\\Middleware\\HandleCors->handle(Object(Illuminate\\Http\\Request), Object(Closure))
#47 /home/mbus0/mbus.if.ua/api-dev/vendor/laravel/framework/src/Illuminate/Http/Middleware/TrustProxies.php(39): Illuminate\\Pipeline\\Pipeline->Illuminate\\Pipeline\\{closure}(Object(Illuminate\\Http\\Request))
#48 /home/mbus0/mbus.if.ua/api-dev/vendor/laravel/framework/src/Illuminate/Pipeline/Pipeline.php(180): Illuminate\\Http\\Middleware\\TrustProxies->handle(Object(Illuminate\\Http\\Request), Object(Closure))
#49 /home/mbus0/mbus.if.ua/api-dev/vendor/laravel/framework/src/Illuminate/Pipeline/Pipeline.php(116): Illuminate\\Pipeline\\Pipeline->Illuminate\\Pipeline\\{closure}(Object(Illuminate\\Http\\Request))
#50 /home/mbus0/mbus.if.ua/api-dev/vendor/laravel/framework/src/Illuminate/Foundation/Http/Kernel.php(142): Illuminate\\Pipeline\\Pipeline->then(Object(Closure))
#51 /home/mbus0/mbus.if.ua/api-dev/vendor/laravel/framework/src/Illuminate/Foundation/Http/Kernel.php(111): Illuminate\\Foundation\\Http\\Kernel->sendRequestThroughRouter(Object(Illuminate\\Http\\Request))
#52 /home/mbus0/mbus.if.ua/api-dev/public/index.php(52): Illuminate\\Foundation\\Http\\Kernel->handle(Object(Illuminate\\Http\\Request))
#53 {main}
"} 
[2022-10-03 14:20:48] local.ERROR: Connection could not be established with host "mailhog:1025": stream_socket_client(): php_network_getaddresses: getaddrinfo for mailhog failed: Name or service not known {"exception":"[object] (Symfony\\Component\\Mailer\\Exception\\TransportException(code: 0): Connection could not be established with host \"mailhog:1025\": stream_socket_client(): php_network_getaddresses: getaddrinfo for mailhog failed: Name or service not known at /home/mbus0/mbus.if.ua/api-dev/vendor/symfony/mailer/Transport/Smtp/Stream/SocketStream.php:154)
[stacktrace]
#0 [internal function]: Symfony\\Component\\Mailer\\Transport\\Smtp\\Stream\\SocketStream->Symfony\\Component\\Mailer\\Transport\\Smtp\\Stream\\{closure}(2, 'stream_socket_c...', '/home/mbus0/mbu...', 157)
#1 /home/mbus0/mbus.if.ua/api-dev/vendor/symfony/mailer/Transport/Smtp/Stream/SocketStream.php(157): stream_socket_client('mailhog:1025', 0, '', 5.0, 4, Resource id #872)
#2 /home/mbus0/mbus.if.ua/api-dev/vendor/symfony/mailer/Transport/Smtp/SmtpTransport.php(251): Symfony\\Component\\Mailer\\Transport\\Smtp\\Stream\\SocketStream->initialize()
#3 /home/mbus0/mbus.if.ua/api-dev/vendor/symfony/mailer/Transport/Smtp/SmtpTransport.php(194): Symfony\\Component\\Mailer\\Transport\\Smtp\\SmtpTransport->start()
#4 /home/mbus0/mbus.if.ua/api-dev/vendor/symfony/mailer/Transport/AbstractTransport.php(68): Symfony\\Component\\Mailer\\Transport\\Smtp\\SmtpTransport->doSend(Object(Symfony\\Component\\Mailer\\SentMessage))
#5 /home/mbus0/mbus.if.ua/api-dev/vendor/symfony/mailer/Transport/Smtp/SmtpTransport.php(136): Symfony\\Component\\Mailer\\Transport\\AbstractTransport->send(Object(Symfony\\Component\\Mailer\\SentMessage), Object(Symfony\\Component\\Mailer\\DelayedEnvelope))
#6 /home/mbus0/mbus.if.ua/api-dev/vendor/laravel/framework/src/Illuminate/Mail/Mailer.php(521): Symfony\\Component\\Mailer\\Transport\\Smtp\\SmtpTransport->send(Object(Symfony\\Component\\Mime\\Email), Object(Symfony\\Component\\Mailer\\DelayedEnvelope))
#7 /home/mbus0/mbus.if.ua/api-dev/vendor/laravel/framework/src/Illuminate/Mail/Mailer.php(285): Illuminate\\Mail\\Mailer->sendSymfonyMessage(Object(Symfony\\Component\\Mime\\Email))
#8 /home/mbus0/mbus.if.ua/api-dev/vendor/laravel/framework/src/Illuminate/Mail/Mailable.php(211): Illuminate\\Mail\\Mailer->send(Object(Illuminate\\Support\\HtmlString), Array, Object(Closure))
#9 /home/mbus0/mbus.if.ua/api-dev/vendor/laravel/framework/src/Illuminate/Support/Traits/Localizable.php(19): Illuminate\\Mail\\Mailable->Illuminate\\Mail\\{closure}()
#10 /home/mbus0/mbus.if.ua/api-dev/vendor/laravel/framework/src/Illuminate/Mail/Mailable.php(212): Illuminate\\Mail\\Mailable->withLocale(NULL, Object(Closure))
#11 /home/mbus0/mbus.if.ua/api-dev/vendor/laravel/framework/src/Illuminate/Mail/Mailer.php(307): Illuminate\\Mail\\Mailable->send(Object(Illuminate\\Mail\\Mailer))
#12 /home/mbus0/mbus.if.ua/api-dev/vendor/laravel/framework/src/Illuminate/Mail/Mailer.php(253): Illuminate\\Mail\\Mailer->sendMailable(Object(App\\Mail\\SendMail))
#13 /home/mbus0/mbus.if.ua/api-dev/vendor/laravel/framework/src/Illuminate/Mail/PendingMail.php(124): Illuminate\\Mail\\Mailer->send(Object(App\\Mail\\SendMail))
#14 /home/mbus0/mbus.if.ua/api-dev/app/Http/Controllers/PasswordResetRequestController.php(41): Illuminate\\Mail\\PendingMail->send(Object(App\\Mail\\SendMail))
#15 /home/mbus0/mbus.if.ua/api-dev/app/Http/Controllers/PasswordResetRequestController.php(29): App\\Http\\Controllers\\PasswordResetRequestController->sendMail('golinskijandrij...')
#16 /home/mbus0/mbus.if.ua/api-dev/vendor/laravel/framework/src/Illuminate/Routing/Controller.php(54): App\\Http\\Controllers\\PasswordResetRequestController->sendPasswordResetEmail(Object(Illuminate\\Http\\Request))
#17 /home/mbus0/mbus.if.ua/api-dev/vendor/laravel/framework/src/Illuminate/Routing/ControllerDispatcher.php(45): Illuminate\\Routing\\Controller->callAction('sendPasswordRes...', Array)
#18 /home/mbus0/mbus.if.ua/api-dev/vendor/laravel/framework/src/Illuminate/Routing/Route.php(261): Illuminate\\Routing\\ControllerDispatcher->dispatch(Object(Illuminate\\Routing\\Route), Object(App\\Http\\Controllers\\PasswordResetRequestController), 'sendPasswordRes...')
#19 /home/mbus0/mbus.if.ua/api-dev/vendor/laravel/framework/src/Illuminate/Routing/Route.php(204): Illuminate\\Routing\\Route->runController()
#20 /home/mbus0/mbus.if.ua/api-dev/vendor/laravel/framework/src/Illuminate/Routing/Router.php(725): Illuminate\\Routing\\Route->run()
#21 /home/mbus0/mbus.if.ua/api-dev/vendor/laravel/framework/src/Illuminate/Pipeline/Pipeline.php(141): Illuminate\\Routing\\Router->Illuminate\\Routing\\{closure}(Object(Illuminate\\Http\\Request))
#22 /home/mbus0/mbus.if.ua/api-dev/vendor/laravel/framework/src/Illuminate/Routing/Middleware/SubstituteBindings.php(50): Illuminate\\Pipeline\\Pipeline->Illuminate\\Pipeline\\{closure}(Object(Illuminate\\Http\\Request))
#23 /home/mbus0/mbus.if.ua/api-dev/vendor/laravel/framework/src/Illuminate/Pipeline/Pipeline.php(180): Illuminate\\Routing\\Middleware\\SubstituteBindings->handle(Object(Illuminate\\Http\\Request), Object(Closure))
#24 /home/mbus0/mbus.if.ua/api-dev/vendor/laravel/framework/src/Illuminate/Routing/Middleware/ThrottleRequests.php(126): Illuminate\\Pipeline\\Pipeline->Illuminate\\Pipeline\\{closure}(Object(Illuminate\\Http\\Request))
#25 /home/mbus0/mbus.if.ua/api-dev/vendor/laravel/framework/src/Illuminate/Routing/Middleware/ThrottleRequests.php(102): Illuminate\\Routing\\Middleware\\ThrottleRequests->handleRequest(Object(Illuminate\\Http\\Request), Object(Closure), Array)
#26 /home/mbus0/mbus.if.ua/api-dev/vendor/laravel/framework/src/Illuminate/Routing/Middleware/ThrottleRequests.php(54): Illuminate\\Routing\\Middleware\\ThrottleRequests->handleRequestUsingNamedLimiter(Object(Illuminate\\Http\\Request), Object(Closure), 'api', Object(Closure))
#27 /home/mbus0/mbus.if.ua/api-dev/vendor/laravel/framework/src/Illuminate/Pipeline/Pipeline.php(180): Illuminate\\Routing\\Middleware\\ThrottleRequests->handle(Object(Illuminate\\Http\\Request), Object(Closure), 'api')
#28 /home/mbus0/mbus.if.ua/api-dev/vendor/laravel/framework/src/Illuminate/Pipeline/Pipeline.php(116): Illuminate\\Pipeline\\Pipeline->Illuminate\\Pipeline\\{closure}(Object(Illuminate\\Http\\Request))
#29 /home/mbus0/mbus.if.ua/api-dev/vendor/laravel/framework/src/Illuminate/Routing/Router.php(726): Illuminate\\Pipeline\\Pipeline->then(Object(Closure))
#30 /home/mbus0/mbus.if.ua/api-dev/vendor/laravel/framework/src/Illuminate/Routing/Router.php(703): Illuminate\\Routing\\Router->runRouteWithinStack(Object(Illuminate\\Routing\\Route), Object(Illuminate\\Http\\Request))
#31 /home/mbus0/mbus.if.ua/api-dev/vendor/laravel/framework/src/Illuminate/Routing/Router.php(667): Illuminate\\Routing\\Router->runRoute(Object(Illuminate\\Http\\Request), Object(Illuminate\\Routing\\Route))
#32 /home/mbus0/mbus.if.ua/api-dev/vendor/laravel/framework/src/Illuminate/Routing/Router.php(656): Illuminate\\Routing\\Router->dispatchToRoute(Object(Illuminate\\Http\\Request))
#33 /home/mbus0/mbus.if.ua/api-dev/vendor/laravel/framework/src/Illuminate/Foundation/Http/Kernel.php(167): Illuminate\\Routing\\Router->dispatch(Object(Illuminate\\Http\\Request))
#34 /home/mbus0/mbus.if.ua/api-dev/vendor/laravel/framework/src/Illuminate/Pipeline/Pipeline.php(141): Illuminate\\Foundation\\Http\\Kernel->Illuminate\\Foundation\\Http\\{closure}(Object(Illuminate\\Http\\Request))
#35 /home/mbus0/mbus.if.ua/api-dev/vendor/laravel/framework/src/Illuminate/Foundation/Http/Middleware/TransformsRequest.php(21): Illuminate\\Pipeline\\Pipeline->Illuminate\\Pipeline\\{closure}(Object(Illuminate\\Http\\Request))
#36 /home/mbus0/mbus.if.ua/api-dev/vendor/laravel/framework/src/Illuminate/Foundation/Http/Middleware/ConvertEmptyStringsToNull.php(31): Illuminate\\Foundation\\Http\\Middleware\\TransformsRequest->handle(Object(Illuminate\\Http\\Request), Object(Closure))
#37 /home/mbus0/mbus.if.ua/api-dev/vendor/laravel/framework/src/Illuminate/Pipeline/Pipeline.php(180): Illuminate\\Foundation\\Http\\Middleware\\ConvertEmptyStringsToNull->handle(Object(Illuminate\\Http\\Request), Object(Closure))
#38 /home/mbus0/mbus.if.ua/api-dev/vendor/laravel/framework/src/Illuminate/Foundation/Http/Middleware/TransformsRequest.php(21): Illuminate\\Pipeline\\Pipeline->Illuminate\\Pipeline\\{closure}(Object(Illuminate\\Http\\Request))
#39 /home/mbus0/mbus.if.ua/api-dev/vendor/laravel/framework/src/Illuminate/Foundation/Http/Middleware/TrimStrings.php(40): Illuminate\\Foundation\\Http\\Middleware\\TransformsRequest->handle(Object(Illuminate\\Http\\Request), Object(Closure))
#40 /home/mbus0/mbus.if.ua/api-dev/vendor/laravel/framework/src/Illuminate/Pipeline/Pipeline.php(180): Illuminate\\Foundation\\Http\\Middleware\\TrimStrings->handle(Object(Illuminate\\Http\\Request), Object(Closure))
#41 /home/mbus0/mbus.if.ua/api-dev/vendor/laravel/framework/src/Illuminate/Foundation/Http/Middleware/ValidatePostSize.php(27): Illuminate\\Pipeline\\Pipeline->Illuminate\\Pipeline\\{closure}(Object(Illuminate\\Http\\Request))
#42 /home/mbus0/mbus.if.ua/api-dev/vendor/laravel/framework/src/Illuminate/Pipeline/Pipeline.php(180): Illuminate\\Foundation\\Http\\Middleware\\ValidatePostSize->handle(Object(Illuminate\\Http\\Request), Object(Closure))
#43 /home/mbus0/mbus.if.ua/api-dev/vendor/laravel/framework/src/Illuminate/Foundation/Http/Middleware/PreventRequestsDuringMaintenance.php(86): Illuminate\\Pipeline\\Pipeline->Illuminate\\Pipeline\\{closure}(Object(Illuminate\\Http\\Request))
#44 /home/mbus0/mbus.if.ua/api-dev/vendor/laravel/framework/src/Illuminate/Pipeline/Pipeline.php(180): Illuminate\\Foundation\\Http\\Middleware\\PreventRequestsDuringMaintenance->handle(Object(Illuminate\\Http\\Request), Object(Closure))
#45 /home/mbus0/mbus.if.ua/api-dev/vendor/laravel/framework/src/Illuminate/Http/Middleware/HandleCors.php(62): Illuminate\\Pipeline\\Pipeline->Illuminate\\Pipeline\\{closure}(Object(Illuminate\\Http\\Request))
#46 /home/mbus0/mbus.if.ua/api-dev/vendor/laravel/framework/src/Illuminate/Pipeline/Pipeline.php(180): Illuminate\\Http\\Middleware\\HandleCors->handle(Object(Illuminate\\Http\\Request), Object(Closure))
#47 /home/mbus0/mbus.if.ua/api-dev/vendor/laravel/framework/src/Illuminate/Http/Middleware/TrustProxies.php(39): Illuminate\\Pipeline\\Pipeline->Illuminate\\Pipeline\\{closure}(Object(Illuminate\\Http\\Request))
#48 /home/mbus0/mbus.if.ua/api-dev/vendor/laravel/framework/src/Illuminate/Pipeline/Pipeline.php(180): Illuminate\\Http\\Middleware\\TrustProxies->handle(Object(Illuminate\\Http\\Request), Object(Closure))
#49 /home/mbus0/mbus.if.ua/api-dev/vendor/laravel/framework/src/Illuminate/Pipeline/Pipeline.php(116): Illuminate\\Pipeline\\Pipeline->Illuminate\\Pipeline\\{closure}(Object(Illuminate\\Http\\Request))
#50 /home/mbus0/mbus.if.ua/api-dev/vendor/laravel/framework/src/Illuminate/Foundation/Http/Kernel.php(142): Illuminate\\Pipeline\\Pipeline->then(Object(Closure))
#51 /home/mbus0/mbus.if.ua/api-dev/vendor/laravel/framework/src/Illuminate/Foundation/Http/Kernel.php(111): Illuminate\\Foundation\\Http\\Kernel->sendRequestThroughRouter(Object(Illuminate\\Http\\Request))
#52 /home/mbus0/mbus.if.ua/api-dev/public/index.php(52): Illuminate\\Foundation\\Http\\Kernel->handle(Object(Illuminate\\Http\\Request))
#53 {main}
"} 
[2022-10-03 14:24:43] local.ERROR: Connection could not be established with host "mailhog:1025": stream_socket_client(): php_network_getaddresses: getaddrinfo for mailhog failed: Name or service not known {"exception":"[object] (Symfony\\Component\\Mailer\\Exception\\TransportException(code: 0): Connection could not be established with host \"mailhog:1025\": stream_socket_client(): php_network_getaddresses: getaddrinfo for mailhog failed: Name or service not known at /home/mbus0/mbus.if.ua/api-dev/vendor/symfony/mailer/Transport/Smtp/Stream/SocketStream.php:154)
[stacktrace]
#0 [internal function]: Symfony\\Component\\Mailer\\Transport\\Smtp\\Stream\\SocketStream->Symfony\\Component\\Mailer\\Transport\\Smtp\\Stream\\{closure}(2, 'stream_socket_c...', '/home/mbus0/mbu...', 157)
#1 /home/mbus0/mbus.if.ua/api-dev/vendor/symfony/mailer/Transport/Smtp/Stream/SocketStream.php(157): stream_socket_client('mailhog:1025', 0, '', 5.0, 4, Resource id #868)
#2 /home/mbus0/mbus.if.ua/api-dev/vendor/symfony/mailer/Transport/Smtp/SmtpTransport.php(251): Symfony\\Component\\Mailer\\Transport\\Smtp\\Stream\\SocketStream->initialize()
#3 /home/mbus0/mbus.if.ua/api-dev/vendor/symfony/mailer/Transport/Smtp/SmtpTransport.php(194): Symfony\\Component\\Mailer\\Transport\\Smtp\\SmtpTransport->start()
#4 /home/mbus0/mbus.if.ua/api-dev/vendor/symfony/mailer/Transport/AbstractTransport.php(68): Symfony\\Component\\Mailer\\Transport\\Smtp\\SmtpTransport->doSend(Object(Symfony\\Component\\Mailer\\SentMessage))
#5 /home/mbus0/mbus.if.ua/api-dev/vendor/symfony/mailer/Transport/Smtp/SmtpTransport.php(136): Symfony\\Component\\Mailer\\Transport\\AbstractTransport->send(Object(Symfony\\Component\\Mailer\\SentMessage), Object(Symfony\\Component\\Mailer\\DelayedEnvelope))
#6 /home/mbus0/mbus.if.ua/api-dev/vendor/laravel/framework/src/Illuminate/Mail/Mailer.php(521): Symfony\\Component\\Mailer\\Transport\\Smtp\\SmtpTransport->send(Object(Symfony\\Component\\Mime\\Email), Object(Symfony\\Component\\Mailer\\DelayedEnvelope))
#7 /home/mbus0/mbus.if.ua/api-dev/vendor/laravel/framework/src/Illuminate/Mail/Mailer.php(285): Illuminate\\Mail\\Mailer->sendSymfonyMessage(Object(Symfony\\Component\\Mime\\Email))
#8 /home/mbus0/mbus.if.ua/api-dev/vendor/laravel/framework/src/Illuminate/Mail/Mailable.php(211): Illuminate\\Mail\\Mailer->send(Object(Illuminate\\Support\\HtmlString), Array, Object(Closure))
#9 /home/mbus0/mbus.if.ua/api-dev/vendor/laravel/framework/src/Illuminate/Support/Traits/Localizable.php(19): Illuminate\\Mail\\Mailable->Illuminate\\Mail\\{closure}()
#10 /home/mbus0/mbus.if.ua/api-dev/vendor/laravel/framework/src/Illuminate/Mail/Mailable.php(212): Illuminate\\Mail\\Mailable->withLocale(NULL, Object(Closure))
#11 /home/mbus0/mbus.if.ua/api-dev/vendor/laravel/framework/src/Illuminate/Mail/Mailer.php(307): Illuminate\\Mail\\Mailable->send(Object(Illuminate\\Mail\\Mailer))
#12 /home/mbus0/mbus.if.ua/api-dev/vendor/laravel/framework/src/Illuminate/Mail/Mailer.php(253): Illuminate\\Mail\\Mailer->sendMailable(Object(App\\Mail\\SendMail))
#13 /home/mbus0/mbus.if.ua/api-dev/vendor/laravel/framework/src/Illuminate/Mail/PendingMail.php(124): Illuminate\\Mail\\Mailer->send(Object(App\\Mail\\SendMail))
#14 /home/mbus0/mbus.if.ua/api-dev/app/Http/Controllers/PasswordResetRequestController.php(41): Illuminate\\Mail\\PendingMail->send(Object(App\\Mail\\SendMail))
#15 /home/mbus0/mbus.if.ua/api-dev/app/Http/Controllers/PasswordResetRequestController.php(29): App\\Http\\Controllers\\PasswordResetRequestController->sendMail('golinskijandrij...')
#16 /home/mbus0/mbus.if.ua/api-dev/vendor/laravel/framework/src/Illuminate/Routing/Controller.php(54): App\\Http\\Controllers\\PasswordResetRequestController->sendPasswordResetEmail(Object(Illuminate\\Http\\Request))
#17 /home/mbus0/mbus.if.ua/api-dev/vendor/laravel/framework/src/Illuminate/Routing/ControllerDispatcher.php(45): Illuminate\\Routing\\Controller->callAction('sendPasswordRes...', Array)
#18 /home/mbus0/mbus.if.ua/api-dev/vendor/laravel/framework/src/Illuminate/Routing/Route.php(261): Illuminate\\Routing\\ControllerDispatcher->dispatch(Object(Illuminate\\Routing\\Route), Object(App\\Http\\Controllers\\PasswordResetRequestController), 'sendPasswordRes...')
#19 /home/mbus0/mbus.if.ua/api-dev/vendor/laravel/framework/src/Illuminate/Routing/Route.php(204): Illuminate\\Routing\\Route->runController()
#20 /home/mbus0/mbus.if.ua/api-dev/vendor/laravel/framework/src/Illuminate/Routing/Router.php(725): Illuminate\\Routing\\Route->run()
#21 /home/mbus0/mbus.if.ua/api-dev/vendor/laravel/framework/src/Illuminate/Pipeline/Pipeline.php(141): Illuminate\\Routing\\Router->Illuminate\\Routing\\{closure}(Object(Illuminate\\Http\\Request))
#22 /home/mbus0/mbus.if.ua/api-dev/vendor/laravel/framework/src/Illuminate/Routing/Middleware/SubstituteBindings.php(50): Illuminate\\Pipeline\\Pipeline->Illuminate\\Pipeline\\{closure}(Object(Illuminate\\Http\\Request))
#23 /home/mbus0/mbus.if.ua/api-dev/vendor/laravel/framework/src/Illuminate/Pipeline/Pipeline.php(180): Illuminate\\Routing\\Middleware\\SubstituteBindings->handle(Object(Illuminate\\Http\\Request), Object(Closure))
#24 /home/mbus0/mbus.if.ua/api-dev/vendor/laravel/framework/src/Illuminate/Routing/Middleware/ThrottleRequests.php(126): Illuminate\\Pipeline\\Pipeline->Illuminate\\Pipeline\\{closure}(Object(Illuminate\\Http\\Request))
#25 /home/mbus0/mbus.if.ua/api-dev/vendor/laravel/framework/src/Illuminate/Routing/Middleware/ThrottleRequests.php(102): Illuminate\\Routing\\Middleware\\ThrottleRequests->handleRequest(Object(Illuminate\\Http\\Request), Object(Closure), Array)
#26 /home/mbus0/mbus.if.ua/api-dev/vendor/laravel/framework/src/Illuminate/Routing/Middleware/ThrottleRequests.php(54): Illuminate\\Routing\\Middleware\\ThrottleRequests->handleRequestUsingNamedLimiter(Object(Illuminate\\Http\\Request), Object(Closure), 'api', Object(Closure))
#27 /home/mbus0/mbus.if.ua/api-dev/vendor/laravel/framework/src/Illuminate/Pipeline/Pipeline.php(180): Illuminate\\Routing\\Middleware\\ThrottleRequests->handle(Object(Illuminate\\Http\\Request), Object(Closure), 'api')
#28 /home/mbus0/mbus.if.ua/api-dev/vendor/laravel/framework/src/Illuminate/Pipeline/Pipeline.php(116): Illuminate\\Pipeline\\Pipeline->Illuminate\\Pipeline\\{closure}(Object(Illuminate\\Http\\Request))
#29 /home/mbus0/mbus.if.ua/api-dev/vendor/laravel/framework/src/Illuminate/Routing/Router.php(726): Illuminate\\Pipeline\\Pipeline->then(Object(Closure))
#30 /home/mbus0/mbus.if.ua/api-dev/vendor/laravel/framework/src/Illuminate/Routing/Router.php(703): Illuminate\\Routing\\Router->runRouteWithinStack(Object(Illuminate\\Routing\\Route), Object(Illuminate\\Http\\Request))
#31 /home/mbus0/mbus.if.ua/api-dev/vendor/laravel/framework/src/Illuminate/Routing/Router.php(667): Illuminate\\Routing\\Router->runRoute(Object(Illuminate\\Http\\Request), Object(Illuminate\\Routing\\Route))
#32 /home/mbus0/mbus.if.ua/api-dev/vendor/laravel/framework/src/Illuminate/Routing/Router.php(656): Illuminate\\Routing\\Router->dispatchToRoute(Object(Illuminate\\Http\\Request))
#33 /home/mbus0/mbus.if.ua/api-dev/vendor/laravel/framework/src/Illuminate/Foundation/Http/Kernel.php(167): Illuminate\\Routing\\Router->dispatch(Object(Illuminate\\Http\\Request))
#34 /home/mbus0/mbus.if.ua/api-dev/vendor/laravel/framework/src/Illuminate/Pipeline/Pipeline.php(141): Illuminate\\Foundation\\Http\\Kernel->Illuminate\\Foundation\\Http\\{closure}(Object(Illuminate\\Http\\Request))
#35 /home/mbus0/mbus.if.ua/api-dev/vendor/laravel/framework/src/Illuminate/Foundation/Http/Middleware/TransformsRequest.php(21): Illuminate\\Pipeline\\Pipeline->Illuminate\\Pipeline\\{closure}(Object(Illuminate\\Http\\Request))
#36 /home/mbus0/mbus.if.ua/api-dev/vendor/laravel/framework/src/Illuminate/Foundation/Http/Middleware/ConvertEmptyStringsToNull.php(31): Illuminate\\Foundation\\Http\\Middleware\\TransformsRequest->handle(Object(Illuminate\\Http\\Request), Object(Closure))
#37 /home/mbus0/mbus.if.ua/api-dev/vendor/laravel/framework/src/Illuminate/Pipeline/Pipeline.php(180): Illuminate\\Foundation\\Http\\Middleware\\ConvertEmptyStringsToNull->handle(Object(Illuminate\\Http\\Request), Object(Closure))
#38 /home/mbus0/mbus.if.ua/api-dev/vendor/laravel/framework/src/Illuminate/Foundation/Http/Middleware/TransformsRequest.php(21): Illuminate\\Pipeline\\Pipeline->Illuminate\\Pipeline\\{closure}(Object(Illuminate\\Http\\Request))
#39 /home/mbus0/mbus.if.ua/api-dev/vendor/laravel/framework/src/Illuminate/Foundation/Http/Middleware/TrimStrings.php(40): Illuminate\\Foundation\\Http\\Middleware\\TransformsRequest->handle(Object(Illuminate\\Http\\Request), Object(Closure))
#40 /home/mbus0/mbus.if.ua/api-dev/vendor/laravel/framework/src/Illuminate/Pipeline/Pipeline.php(180): Illuminate\\Foundation\\Http\\Middleware\\TrimStrings->handle(Object(Illuminate\\Http\\Request), Object(Closure))
#41 /home/mbus0/mbus.if.ua/api-dev/vendor/laravel/framework/src/Illuminate/Foundation/Http/Middleware/ValidatePostSize.php(27): Illuminate\\Pipeline\\Pipeline->Illuminate\\Pipeline\\{closure}(Object(Illuminate\\Http\\Request))
#42 /home/mbus0/mbus.if.ua/api-dev/vendor/laravel/framework/src/Illuminate/Pipeline/Pipeline.php(180): Illuminate\\Foundation\\Http\\Middleware\\ValidatePostSize->handle(Object(Illuminate\\Http\\Request), Object(Closure))
#43 /home/mbus0/mbus.if.ua/api-dev/vendor/laravel/framework/src/Illuminate/Foundation/Http/Middleware/PreventRequestsDuringMaintenance.php(86): Illuminate\\Pipeline\\Pipeline->Illuminate\\Pipeline\\{closure}(Object(Illuminate\\Http\\Request))
#44 /home/mbus0/mbus.if.ua/api-dev/vendor/laravel/framework/src/Illuminate/Pipeline/Pipeline.php(180): Illuminate\\Foundation\\Http\\Middleware\\PreventRequestsDuringMaintenance->handle(Object(Illuminate\\Http\\Request), Object(Closure))
#45 /home/mbus0/mbus.if.ua/api-dev/vendor/laravel/framework/src/Illuminate/Http/Middleware/HandleCors.php(62): Illuminate\\Pipeline\\Pipeline->Illuminate\\Pipeline\\{closure}(Object(Illuminate\\Http\\Request))
#46 /home/mbus0/mbus.if.ua/api-dev/vendor/laravel/framework/src/Illuminate/Pipeline/Pipeline.php(180): Illuminate\\Http\\Middleware\\HandleCors->handle(Object(Illuminate\\Http\\Request), Object(Closure))
#47 /home/mbus0/mbus.if.ua/api-dev/vendor/laravel/framework/src/Illuminate/Http/Middleware/TrustProxies.php(39): Illuminate\\Pipeline\\Pipeline->Illuminate\\Pipeline\\{closure}(Object(Illuminate\\Http\\Request))
#48 /home/mbus0/mbus.if.ua/api-dev/vendor/laravel/framework/src/Illuminate/Pipeline/Pipeline.php(180): Illuminate\\Http\\Middleware\\TrustProxies->handle(Object(Illuminate\\Http\\Request), Object(Closure))
#49 /home/mbus0/mbus.if.ua/api-dev/vendor/laravel/framework/src/Illuminate/Pipeline/Pipeline.php(116): Illuminate\\Pipeline\\Pipeline->Illuminate\\Pipeline\\{closure}(Object(Illuminate\\Http\\Request))
#50 /home/mbus0/mbus.if.ua/api-dev/vendor/laravel/framework/src/Illuminate/Foundation/Http/Kernel.php(142): Illuminate\\Pipeline\\Pipeline->then(Object(Closure))
#51 /home/mbus0/mbus.if.ua/api-dev/vendor/laravel/framework/src/Illuminate/Foundation/Http/Kernel.php(111): Illuminate\\Foundation\\Http\\Kernel->sendRequestThroughRouter(Object(Illuminate\\Http\\Request))
#52 /home/mbus0/mbus.if.ua/api-dev/public/index.php(52): Illuminate\\Foundation\\Http\\Kernel->handle(Object(Illuminate\\Http\\Request))
#53 {main}
"} 
[2022-10-03 14:41:26] local.ERROR: Expected response code "250/251/252" but got code "553", with message "553 5.7.1 <hello@example.com>: Sender address rejected: not owned by user support_dev@mbus.if.ua". {"exception":"[object] (Symfony\\Component\\Mailer\\Exception\\TransportException(code: 553): Expected response code \"250/251/252\" but got code \"553\", with message \"553 5.7.1 <hello@example.com>: Sender address rejected: not owned by user support_dev@mbus.if.ua\". at /home/mbus0/mbus.if.ua/api-dev/vendor/symfony/mailer/Transport/Smtp/SmtpTransport.php:306)
[stacktrace]
#0 /home/mbus0/mbus.if.ua/api-dev/vendor/symfony/mailer/Transport/Smtp/SmtpTransport.php(182): Symfony\\Component\\Mailer\\Transport\\Smtp\\SmtpTransport->assertResponseCode('553 5.7.1 <hell...', Array)
#1 /home/mbus0/mbus.if.ua/api-dev/vendor/symfony/mailer/Transport/Smtp/SmtpTransport.php(240): Symfony\\Component\\Mailer\\Transport\\Smtp\\SmtpTransport->executeCommand('RCPT TO:<golins...', Array)
#2 /home/mbus0/mbus.if.ua/api-dev/vendor/symfony/mailer/Transport/Smtp/SmtpTransport.php(201): Symfony\\Component\\Mailer\\Transport\\Smtp\\SmtpTransport->doRcptToCommand('golinskijandrij...')
#3 /home/mbus0/mbus.if.ua/api-dev/vendor/symfony/mailer/Transport/AbstractTransport.php(68): Symfony\\Component\\Mailer\\Transport\\Smtp\\SmtpTransport->doSend(Object(Symfony\\Component\\Mailer\\SentMessage))
#4 /home/mbus0/mbus.if.ua/api-dev/vendor/symfony/mailer/Transport/Smtp/SmtpTransport.php(136): Symfony\\Component\\Mailer\\Transport\\AbstractTransport->send(Object(Symfony\\Component\\Mailer\\SentMessage), Object(Symfony\\Component\\Mailer\\DelayedEnvelope))
#5 /home/mbus0/mbus.if.ua/api-dev/vendor/laravel/framework/src/Illuminate/Mail/Mailer.php(521): Symfony\\Component\\Mailer\\Transport\\Smtp\\SmtpTransport->send(Object(Symfony\\Component\\Mime\\Email), Object(Symfony\\Component\\Mailer\\DelayedEnvelope))
#6 /home/mbus0/mbus.if.ua/api-dev/vendor/laravel/framework/src/Illuminate/Mail/Mailer.php(285): Illuminate\\Mail\\Mailer->sendSymfonyMessage(Object(Symfony\\Component\\Mime\\Email))
#7 /home/mbus0/mbus.if.ua/api-dev/vendor/laravel/framework/src/Illuminate/Mail/Mailable.php(211): Illuminate\\Mail\\Mailer->send(Object(Illuminate\\Support\\HtmlString), Array, Object(Closure))
#8 /home/mbus0/mbus.if.ua/api-dev/vendor/laravel/framework/src/Illuminate/Support/Traits/Localizable.php(19): Illuminate\\Mail\\Mailable->Illuminate\\Mail\\{closure}()
#9 /home/mbus0/mbus.if.ua/api-dev/vendor/laravel/framework/src/Illuminate/Mail/Mailable.php(212): Illuminate\\Mail\\Mailable->withLocale(NULL, Object(Closure))
#10 /home/mbus0/mbus.if.ua/api-dev/vendor/laravel/framework/src/Illuminate/Mail/Mailer.php(307): Illuminate\\Mail\\Mailable->send(Object(Illuminate\\Mail\\Mailer))
#11 /home/mbus0/mbus.if.ua/api-dev/vendor/laravel/framework/src/Illuminate/Mail/Mailer.php(253): Illuminate\\Mail\\Mailer->sendMailable(Object(App\\Mail\\SendMail))
#12 /home/mbus0/mbus.if.ua/api-dev/vendor/laravel/framework/src/Illuminate/Mail/PendingMail.php(124): Illuminate\\Mail\\Mailer->send(Object(App\\Mail\\SendMail))
#13 /home/mbus0/mbus.if.ua/api-dev/app/Http/Controllers/PasswordResetRequestController.php(41): Illuminate\\Mail\\PendingMail->send(Object(App\\Mail\\SendMail))
#14 /home/mbus0/mbus.if.ua/api-dev/app/Http/Controllers/PasswordResetRequestController.php(29): App\\Http\\Controllers\\PasswordResetRequestController->sendMail('golinskijandrij...')
#15 /home/mbus0/mbus.if.ua/api-dev/vendor/laravel/framework/src/Illuminate/Routing/Controller.php(54): App\\Http\\Controllers\\PasswordResetRequestController->sendPasswordResetEmail(Object(Illuminate\\Http\\Request))
#16 /home/mbus0/mbus.if.ua/api-dev/vendor/laravel/framework/src/Illuminate/Routing/ControllerDispatcher.php(45): Illuminate\\Routing\\Controller->callAction('sendPasswordRes...', Array)
#17 /home/mbus0/mbus.if.ua/api-dev/vendor/laravel/framework/src/Illuminate/Routing/Route.php(261): Illuminate\\Routing\\ControllerDispatcher->dispatch(Object(Illuminate\\Routing\\Route), Object(App\\Http\\Controllers\\PasswordResetRequestController), 'sendPasswordRes...')
#18 /home/mbus0/mbus.if.ua/api-dev/vendor/laravel/framework/src/Illuminate/Routing/Route.php(204): Illuminate\\Routing\\Route->runController()
#19 /home/mbus0/mbus.if.ua/api-dev/vendor/laravel/framework/src/Illuminate/Routing/Router.php(725): Illuminate\\Routing\\Route->run()
#20 /home/mbus0/mbus.if.ua/api-dev/vendor/laravel/framework/src/Illuminate/Pipeline/Pipeline.php(141): Illuminate\\Routing\\Router->Illuminate\\Routing\\{closure}(Object(Illuminate\\Http\\Request))
#21 /home/mbus0/mbus.if.ua/api-dev/vendor/laravel/framework/src/Illuminate/Routing/Middleware/SubstituteBindings.php(50): Illuminate\\Pipeline\\Pipeline->Illuminate\\Pipeline\\{closure}(Object(Illuminate\\Http\\Request))
#22 /home/mbus0/mbus.if.ua/api-dev/vendor/laravel/framework/src/Illuminate/Pipeline/Pipeline.php(180): Illuminate\\Routing\\Middleware\\SubstituteBindings->handle(Object(Illuminate\\Http\\Request), Object(Closure))
#23 /home/mbus0/mbus.if.ua/api-dev/vendor/laravel/framework/src/Illuminate/Routing/Middleware/ThrottleRequests.php(126): Illuminate\\Pipeline\\Pipeline->Illuminate\\Pipeline\\{closure}(Object(Illuminate\\Http\\Request))
#24 /home/mbus0/mbus.if.ua/api-dev/vendor/laravel/framework/src/Illuminate/Routing/Middleware/ThrottleRequests.php(102): Illuminate\\Routing\\Middleware\\ThrottleRequests->handleRequest(Object(Illuminate\\Http\\Request), Object(Closure), Array)
#25 /home/mbus0/mbus.if.ua/api-dev/vendor/laravel/framework/src/Illuminate/Routing/Middleware/ThrottleRequests.php(54): Illuminate\\Routing\\Middleware\\ThrottleRequests->handleRequestUsingNamedLimiter(Object(Illuminate\\Http\\Request), Object(Closure), 'api', Object(Closure))
#26 /home/mbus0/mbus.if.ua/api-dev/vendor/laravel/framework/src/Illuminate/Pipeline/Pipeline.php(180): Illuminate\\Routing\\Middleware\\ThrottleRequests->handle(Object(Illuminate\\Http\\Request), Object(Closure), 'api')
#27 /home/mbus0/mbus.if.ua/api-dev/vendor/laravel/framework/src/Illuminate/Pipeline/Pipeline.php(116): Illuminate\\Pipeline\\Pipeline->Illuminate\\Pipeline\\{closure}(Object(Illuminate\\Http\\Request))
#28 /home/mbus0/mbus.if.ua/api-dev/vendor/laravel/framework/src/Illuminate/Routing/Router.php(726): Illuminate\\Pipeline\\Pipeline->then(Object(Closure))
#29 /home/mbus0/mbus.if.ua/api-dev/vendor/laravel/framework/src/Illuminate/Routing/Router.php(703): Illuminate\\Routing\\Router->runRouteWithinStack(Object(Illuminate\\Routing\\Route), Object(Illuminate\\Http\\Request))
#30 /home/mbus0/mbus.if.ua/api-dev/vendor/laravel/framework/src/Illuminate/Routing/Router.php(667): Illuminate\\Routing\\Router->runRoute(Object(Illuminate\\Http\\Request), Object(Illuminate\\Routing\\Route))
#31 /home/mbus0/mbus.if.ua/api-dev/vendor/laravel/framework/src/Illuminate/Routing/Router.php(656): Illuminate\\Routing\\Router->dispatchToRoute(Object(Illuminate\\Http\\Request))
#32 /home/mbus0/mbus.if.ua/api-dev/vendor/laravel/framework/src/Illuminate/Foundation/Http/Kernel.php(167): Illuminate\\Routing\\Router->dispatch(Object(Illuminate\\Http\\Request))
#33 /home/mbus0/mbus.if.ua/api-dev/vendor/laravel/framework/src/Illuminate/Pipeline/Pipeline.php(141): Illuminate\\Foundation\\Http\\Kernel->Illuminate\\Foundation\\Http\\{closure}(Object(Illuminate\\Http\\Request))
#34 /home/mbus0/mbus.if.ua/api-dev/vendor/laravel/framework/src/Illuminate/Foundation/Http/Middleware/TransformsRequest.php(21): Illuminate\\Pipeline\\Pipeline->Illuminate\\Pipeline\\{closure}(Object(Illuminate\\Http\\Request))
#35 /home/mbus0/mbus.if.ua/api-dev/vendor/laravel/framework/src/Illuminate/Foundation/Http/Middleware/ConvertEmptyStringsToNull.php(31): Illuminate\\Foundation\\Http\\Middleware\\TransformsRequest->handle(Object(Illuminate\\Http\\Request), Object(Closure))
#36 /home/mbus0/mbus.if.ua/api-dev/vendor/laravel/framework/src/Illuminate/Pipeline/Pipeline.php(180): Illuminate\\Foundation\\Http\\Middleware\\ConvertEmptyStringsToNull->handle(Object(Illuminate\\Http\\Request), Object(Closure))
#37 /home/mbus0/mbus.if.ua/api-dev/vendor/laravel/framework/src/Illuminate/Foundation/Http/Middleware/TransformsRequest.php(21): Illuminate\\Pipeline\\Pipeline->Illuminate\\Pipeline\\{closure}(Object(Illuminate\\Http\\Request))
#38 /home/mbus0/mbus.if.ua/api-dev/vendor/laravel/framework/src/Illuminate/Foundation/Http/Middleware/TrimStrings.php(40): Illuminate\\Foundation\\Http\\Middleware\\TransformsRequest->handle(Object(Illuminate\\Http\\Request), Object(Closure))
#39 /home/mbus0/mbus.if.ua/api-dev/vendor/laravel/framework/src/Illuminate/Pipeline/Pipeline.php(180): Illuminate\\Foundation\\Http\\Middleware\\TrimStrings->handle(Object(Illuminate\\Http\\Request), Object(Closure))
#40 /home/mbus0/mbus.if.ua/api-dev/vendor/laravel/framework/src/Illuminate/Foundation/Http/Middleware/ValidatePostSize.php(27): Illuminate\\Pipeline\\Pipeline->Illuminate\\Pipeline\\{closure}(Object(Illuminate\\Http\\Request))
#41 /home/mbus0/mbus.if.ua/api-dev/vendor/laravel/framework/src/Illuminate/Pipeline/Pipeline.php(180): Illuminate\\Foundation\\Http\\Middleware\\ValidatePostSize->handle(Object(Illuminate\\Http\\Request), Object(Closure))
#42 /home/mbus0/mbus.if.ua/api-dev/vendor/laravel/framework/src/Illuminate/Foundation/Http/Middleware/PreventRequestsDuringMaintenance.php(86): Illuminate\\Pipeline\\Pipeline->Illuminate\\Pipeline\\{closure}(Object(Illuminate\\Http\\Request))
#43 /home/mbus0/mbus.if.ua/api-dev/vendor/laravel/framework/src/Illuminate/Pipeline/Pipeline.php(180): Illuminate\\Foundation\\Http\\Middleware\\PreventRequestsDuringMaintenance->handle(Object(Illuminate\\Http\\Request), Object(Closure))
#44 /home/mbus0/mbus.if.ua/api-dev/vendor/laravel/framework/src/Illuminate/Http/Middleware/HandleCors.php(62): Illuminate\\Pipeline\\Pipeline->Illuminate\\Pipeline\\{closure}(Object(Illuminate\\Http\\Request))
#45 /home/mbus0/mbus.if.ua/api-dev/vendor/laravel/framework/src/Illuminate/Pipeline/Pipeline.php(180): Illuminate\\Http\\Middleware\\HandleCors->handle(Object(Illuminate\\Http\\Request), Object(Closure))
#46 /home/mbus0/mbus.if.ua/api-dev/vendor/laravel/framework/src/Illuminate/Http/Middleware/TrustProxies.php(39): Illuminate\\Pipeline\\Pipeline->Illuminate\\Pipeline\\{closure}(Object(Illuminate\\Http\\Request))
#47 /home/mbus0/mbus.if.ua/api-dev/vendor/laravel/framework/src/Illuminate/Pipeline/Pipeline.php(180): Illuminate\\Http\\Middleware\\TrustProxies->handle(Object(Illuminate\\Http\\Request), Object(Closure))
#48 /home/mbus0/mbus.if.ua/api-dev/vendor/laravel/framework/src/Illuminate/Pipeline/Pipeline.php(116): Illuminate\\Pipeline\\Pipeline->Illuminate\\Pipeline\\{closure}(Object(Illuminate\\Http\\Request))
#49 /home/mbus0/mbus.if.ua/api-dev/vendor/laravel/framework/src/Illuminate/Foundation/Http/Kernel.php(142): Illuminate\\Pipeline\\Pipeline->then(Object(Closure))
#50 /home/mbus0/mbus.if.ua/api-dev/vendor/laravel/framework/src/Illuminate/Foundation/Http/Kernel.php(111): Illuminate\\Foundation\\Http\\Kernel->sendRequestThroughRouter(Object(Illuminate\\Http\\Request))
#51 /home/mbus0/mbus.if.ua/api-dev/public/index.php(52): Illuminate\\Foundation\\Http\\Kernel->handle(Object(Illuminate\\Http\\Request))
#52 {main}
"} 
[2022-10-03 14:41:35] local.ERROR: Expected response code "250/251/252" but got code "553", with message "553 5.7.1 <hello@example.com>: Sender address rejected: not owned by user support_dev@mbus.if.ua". {"exception":"[object] (Symfony\\Component\\Mailer\\Exception\\TransportException(code: 553): Expected response code \"250/251/252\" but got code \"553\", with message \"553 5.7.1 <hello@example.com>: Sender address rejected: not owned by user support_dev@mbus.if.ua\". at /home/mbus0/mbus.if.ua/api-dev/vendor/symfony/mailer/Transport/Smtp/SmtpTransport.php:306)
[stacktrace]
#0 /home/mbus0/mbus.if.ua/api-dev/vendor/symfony/mailer/Transport/Smtp/SmtpTransport.php(182): Symfony\\Component\\Mailer\\Transport\\Smtp\\SmtpTransport->assertResponseCode('553 5.7.1 <hell...', Array)
#1 /home/mbus0/mbus.if.ua/api-dev/vendor/symfony/mailer/Transport/Smtp/SmtpTransport.php(240): Symfony\\Component\\Mailer\\Transport\\Smtp\\SmtpTransport->executeCommand('RCPT TO:<golins...', Array)
#2 /home/mbus0/mbus.if.ua/api-dev/vendor/symfony/mailer/Transport/Smtp/SmtpTransport.php(201): Symfony\\Component\\Mailer\\Transport\\Smtp\\SmtpTransport->doRcptToCommand('golinskijandrij...')
#3 /home/mbus0/mbus.if.ua/api-dev/vendor/symfony/mailer/Transport/AbstractTransport.php(68): Symfony\\Component\\Mailer\\Transport\\Smtp\\SmtpTransport->doSend(Object(Symfony\\Component\\Mailer\\SentMessage))
#4 /home/mbus0/mbus.if.ua/api-dev/vendor/symfony/mailer/Transport/Smtp/SmtpTransport.php(136): Symfony\\Component\\Mailer\\Transport\\AbstractTransport->send(Object(Symfony\\Component\\Mailer\\SentMessage), Object(Symfony\\Component\\Mailer\\DelayedEnvelope))
#5 /home/mbus0/mbus.if.ua/api-dev/vendor/laravel/framework/src/Illuminate/Mail/Mailer.php(521): Symfony\\Component\\Mailer\\Transport\\Smtp\\SmtpTransport->send(Object(Symfony\\Component\\Mime\\Email), Object(Symfony\\Component\\Mailer\\DelayedEnvelope))
#6 /home/mbus0/mbus.if.ua/api-dev/vendor/laravel/framework/src/Illuminate/Mail/Mailer.php(285): Illuminate\\Mail\\Mailer->sendSymfonyMessage(Object(Symfony\\Component\\Mime\\Email))
#7 /home/mbus0/mbus.if.ua/api-dev/vendor/laravel/framework/src/Illuminate/Mail/Mailable.php(211): Illuminate\\Mail\\Mailer->send(Object(Illuminate\\Support\\HtmlString), Array, Object(Closure))
#8 /home/mbus0/mbus.if.ua/api-dev/vendor/laravel/framework/src/Illuminate/Support/Traits/Localizable.php(19): Illuminate\\Mail\\Mailable->Illuminate\\Mail\\{closure}()
#9 /home/mbus0/mbus.if.ua/api-dev/vendor/laravel/framework/src/Illuminate/Mail/Mailable.php(212): Illuminate\\Mail\\Mailable->withLocale(NULL, Object(Closure))
#10 /home/mbus0/mbus.if.ua/api-dev/vendor/laravel/framework/src/Illuminate/Mail/Mailer.php(307): Illuminate\\Mail\\Mailable->send(Object(Illuminate\\Mail\\Mailer))
#11 /home/mbus0/mbus.if.ua/api-dev/vendor/laravel/framework/src/Illuminate/Mail/Mailer.php(253): Illuminate\\Mail\\Mailer->sendMailable(Object(App\\Mail\\SendMail))
#12 /home/mbus0/mbus.if.ua/api-dev/vendor/laravel/framework/src/Illuminate/Mail/PendingMail.php(124): Illuminate\\Mail\\Mailer->send(Object(App\\Mail\\SendMail))
#13 /home/mbus0/mbus.if.ua/api-dev/app/Http/Controllers/PasswordResetRequestController.php(41): Illuminate\\Mail\\PendingMail->send(Object(App\\Mail\\SendMail))
#14 /home/mbus0/mbus.if.ua/api-dev/app/Http/Controllers/PasswordResetRequestController.php(29): App\\Http\\Controllers\\PasswordResetRequestController->sendMail('golinskijandrij...')
#15 /home/mbus0/mbus.if.ua/api-dev/vendor/laravel/framework/src/Illuminate/Routing/Controller.php(54): App\\Http\\Controllers\\PasswordResetRequestController->sendPasswordResetEmail(Object(Illuminate\\Http\\Request))
#16 /home/mbus0/mbus.if.ua/api-dev/vendor/laravel/framework/src/Illuminate/Routing/ControllerDispatcher.php(45): Illuminate\\Routing\\Controller->callAction('sendPasswordRes...', Array)
#17 /home/mbus0/mbus.if.ua/api-dev/vendor/laravel/framework/src/Illuminate/Routing/Route.php(261): Illuminate\\Routing\\ControllerDispatcher->dispatch(Object(Illuminate\\Routing\\Route), Object(App\\Http\\Controllers\\PasswordResetRequestController), 'sendPasswordRes...')
#18 /home/mbus0/mbus.if.ua/api-dev/vendor/laravel/framework/src/Illuminate/Routing/Route.php(204): Illuminate\\Routing\\Route->runController()
#19 /home/mbus0/mbus.if.ua/api-dev/vendor/laravel/framework/src/Illuminate/Routing/Router.php(725): Illuminate\\Routing\\Route->run()
#20 /home/mbus0/mbus.if.ua/api-dev/vendor/laravel/framework/src/Illuminate/Pipeline/Pipeline.php(141): Illuminate\\Routing\\Router->Illuminate\\Routing\\{closure}(Object(Illuminate\\Http\\Request))
#21 /home/mbus0/mbus.if.ua/api-dev/vendor/laravel/framework/src/Illuminate/Routing/Middleware/SubstituteBindings.php(50): Illuminate\\Pipeline\\Pipeline->Illuminate\\Pipeline\\{closure}(Object(Illuminate\\Http\\Request))
#22 /home/mbus0/mbus.if.ua/api-dev/vendor/laravel/framework/src/Illuminate/Pipeline/Pipeline.php(180): Illuminate\\Routing\\Middleware\\SubstituteBindings->handle(Object(Illuminate\\Http\\Request), Object(Closure))
#23 /home/mbus0/mbus.if.ua/api-dev/vendor/laravel/framework/src/Illuminate/Routing/Middleware/ThrottleRequests.php(126): Illuminate\\Pipeline\\Pipeline->Illuminate\\Pipeline\\{closure}(Object(Illuminate\\Http\\Request))
#24 /home/mbus0/mbus.if.ua/api-dev/vendor/laravel/framework/src/Illuminate/Routing/Middleware/ThrottleRequests.php(102): Illuminate\\Routing\\Middleware\\ThrottleRequests->handleRequest(Object(Illuminate\\Http\\Request), Object(Closure), Array)
#25 /home/mbus0/mbus.if.ua/api-dev/vendor/laravel/framework/src/Illuminate/Routing/Middleware/ThrottleRequests.php(54): Illuminate\\Routing\\Middleware\\ThrottleRequests->handleRequestUsingNamedLimiter(Object(Illuminate\\Http\\Request), Object(Closure), 'api', Object(Closure))
#26 /home/mbus0/mbus.if.ua/api-dev/vendor/laravel/framework/src/Illuminate/Pipeline/Pipeline.php(180): Illuminate\\Routing\\Middleware\\ThrottleRequests->handle(Object(Illuminate\\Http\\Request), Object(Closure), 'api')
#27 /home/mbus0/mbus.if.ua/api-dev/vendor/laravel/framework/src/Illuminate/Pipeline/Pipeline.php(116): Illuminate\\Pipeline\\Pipeline->Illuminate\\Pipeline\\{closure}(Object(Illuminate\\Http\\Request))
#28 /home/mbus0/mbus.if.ua/api-dev/vendor/laravel/framework/src/Illuminate/Routing/Router.php(726): Illuminate\\Pipeline\\Pipeline->then(Object(Closure))
#29 /home/mbus0/mbus.if.ua/api-dev/vendor/laravel/framework/src/Illuminate/Routing/Router.php(703): Illuminate\\Routing\\Router->runRouteWithinStack(Object(Illuminate\\Routing\\Route), Object(Illuminate\\Http\\Request))
#30 /home/mbus0/mbus.if.ua/api-dev/vendor/laravel/framework/src/Illuminate/Routing/Router.php(667): Illuminate\\Routing\\Router->runRoute(Object(Illuminate\\Http\\Request), Object(Illuminate\\Routing\\Route))
#31 /home/mbus0/mbus.if.ua/api-dev/vendor/laravel/framework/src/Illuminate/Routing/Router.php(656): Illuminate\\Routing\\Router->dispatchToRoute(Object(Illuminate\\Http\\Request))
#32 /home/mbus0/mbus.if.ua/api-dev/vendor/laravel/framework/src/Illuminate/Foundation/Http/Kernel.php(167): Illuminate\\Routing\\Router->dispatch(Object(Illuminate\\Http\\Request))
#33 /home/mbus0/mbus.if.ua/api-dev/vendor/laravel/framework/src/Illuminate/Pipeline/Pipeline.php(141): Illuminate\\Foundation\\Http\\Kernel->Illuminate\\Foundation\\Http\\{closure}(Object(Illuminate\\Http\\Request))
#34 /home/mbus0/mbus.if.ua/api-dev/vendor/laravel/framework/src/Illuminate/Foundation/Http/Middleware/TransformsRequest.php(21): Illuminate\\Pipeline\\Pipeline->Illuminate\\Pipeline\\{closure}(Object(Illuminate\\Http\\Request))
#35 /home/mbus0/mbus.if.ua/api-dev/vendor/laravel/framework/src/Illuminate/Foundation/Http/Middleware/ConvertEmptyStringsToNull.php(31): Illuminate\\Foundation\\Http\\Middleware\\TransformsRequest->handle(Object(Illuminate\\Http\\Request), Object(Closure))
#36 /home/mbus0/mbus.if.ua/api-dev/vendor/laravel/framework/src/Illuminate/Pipeline/Pipeline.php(180): Illuminate\\Foundation\\Http\\Middleware\\ConvertEmptyStringsToNull->handle(Object(Illuminate\\Http\\Request), Object(Closure))
#37 /home/mbus0/mbus.if.ua/api-dev/vendor/laravel/framework/src/Illuminate/Foundation/Http/Middleware/TransformsRequest.php(21): Illuminate\\Pipeline\\Pipeline->Illuminate\\Pipeline\\{closure}(Object(Illuminate\\Http\\Request))
#38 /home/mbus0/mbus.if.ua/api-dev/vendor/laravel/framework/src/Illuminate/Foundation/Http/Middleware/TrimStrings.php(40): Illuminate\\Foundation\\Http\\Middleware\\TransformsRequest->handle(Object(Illuminate\\Http\\Request), Object(Closure))
#39 /home/mbus0/mbus.if.ua/api-dev/vendor/laravel/framework/src/Illuminate/Pipeline/Pipeline.php(180): Illuminate\\Foundation\\Http\\Middleware\\TrimStrings->handle(Object(Illuminate\\Http\\Request), Object(Closure))
#40 /home/mbus0/mbus.if.ua/api-dev/vendor/laravel/framework/src/Illuminate/Foundation/Http/Middleware/ValidatePostSize.php(27): Illuminate\\Pipeline\\Pipeline->Illuminate\\Pipeline\\{closure}(Object(Illuminate\\Http\\Request))
#41 /home/mbus0/mbus.if.ua/api-dev/vendor/laravel/framework/src/Illuminate/Pipeline/Pipeline.php(180): Illuminate\\Foundation\\Http\\Middleware\\ValidatePostSize->handle(Object(Illuminate\\Http\\Request), Object(Closure))
#42 /home/mbus0/mbus.if.ua/api-dev/vendor/laravel/framework/src/Illuminate/Foundation/Http/Middleware/PreventRequestsDuringMaintenance.php(86): Illuminate\\Pipeline\\Pipeline->Illuminate\\Pipeline\\{closure}(Object(Illuminate\\Http\\Request))
#43 /home/mbus0/mbus.if.ua/api-dev/vendor/laravel/framework/src/Illuminate/Pipeline/Pipeline.php(180): Illuminate\\Foundation\\Http\\Middleware\\PreventRequestsDuringMaintenance->handle(Object(Illuminate\\Http\\Request), Object(Closure))
#44 /home/mbus0/mbus.if.ua/api-dev/vendor/laravel/framework/src/Illuminate/Http/Middleware/HandleCors.php(62): Illuminate\\Pipeline\\Pipeline->Illuminate\\Pipeline\\{closure}(Object(Illuminate\\Http\\Request))
#45 /home/mbus0/mbus.if.ua/api-dev/vendor/laravel/framework/src/Illuminate/Pipeline/Pipeline.php(180): Illuminate\\Http\\Middleware\\HandleCors->handle(Object(Illuminate\\Http\\Request), Object(Closure))
#46 /home/mbus0/mbus.if.ua/api-dev/vendor/laravel/framework/src/Illuminate/Http/Middleware/TrustProxies.php(39): Illuminate\\Pipeline\\Pipeline->Illuminate\\Pipeline\\{closure}(Object(Illuminate\\Http\\Request))
#47 /home/mbus0/mbus.if.ua/api-dev/vendor/laravel/framework/src/Illuminate/Pipeline/Pipeline.php(180): Illuminate\\Http\\Middleware\\TrustProxies->handle(Object(Illuminate\\Http\\Request), Object(Closure))
#48 /home/mbus0/mbus.if.ua/api-dev/vendor/laravel/framework/src/Illuminate/Pipeline/Pipeline.php(116): Illuminate\\Pipeline\\Pipeline->Illuminate\\Pipeline\\{closure}(Object(Illuminate\\Http\\Request))
#49 /home/mbus0/mbus.if.ua/api-dev/vendor/laravel/framework/src/Illuminate/Foundation/Http/Kernel.php(142): Illuminate\\Pipeline\\Pipeline->then(Object(Closure))
#50 /home/mbus0/mbus.if.ua/api-dev/vendor/laravel/framework/src/Illuminate/Foundation/Http/Kernel.php(111): Illuminate\\Foundation\\Http\\Kernel->sendRequestThroughRouter(Object(Illuminate\\Http\\Request))
#51 /home/mbus0/mbus.if.ua/api-dev/public/index.php(52): Illuminate\\Foundation\\Http\\Kernel->handle(Object(Illuminate\\Http\\Request))
#52 {main}
"} 
[2022-10-03 14:42:28] local.ERROR: Expected response code "250/251/252" but got code "553", with message "553 5.7.1 <hello@example.com>: Sender address rejected: not owned by user support_dev@mbus.if.ua". {"exception":"[object] (Symfony\\Component\\Mailer\\Exception\\TransportException(code: 553): Expected response code \"250/251/252\" but got code \"553\", with message \"553 5.7.1 <hello@example.com>: Sender address rejected: not owned by user support_dev@mbus.if.ua\". at /home/mbus0/mbus.if.ua/api-dev/vendor/symfony/mailer/Transport/Smtp/SmtpTransport.php:306)
[stacktrace]
#0 /home/mbus0/mbus.if.ua/api-dev/vendor/symfony/mailer/Transport/Smtp/SmtpTransport.php(182): Symfony\\Component\\Mailer\\Transport\\Smtp\\SmtpTransport->assertResponseCode('553 5.7.1 <hell...', Array)
#1 /home/mbus0/mbus.if.ua/api-dev/vendor/symfony/mailer/Transport/Smtp/SmtpTransport.php(240): Symfony\\Component\\Mailer\\Transport\\Smtp\\SmtpTransport->executeCommand('RCPT TO:<trinit...', Array)
#2 /home/mbus0/mbus.if.ua/api-dev/vendor/symfony/mailer/Transport/Smtp/SmtpTransport.php(201): Symfony\\Component\\Mailer\\Transport\\Smtp\\SmtpTransport->doRcptToCommand('trinitysmiles+b...')
#3 /home/mbus0/mbus.if.ua/api-dev/vendor/symfony/mailer/Transport/AbstractTransport.php(68): Symfony\\Component\\Mailer\\Transport\\Smtp\\SmtpTransport->doSend(Object(Symfony\\Component\\Mailer\\SentMessage))
#4 /home/mbus0/mbus.if.ua/api-dev/vendor/symfony/mailer/Transport/Smtp/SmtpTransport.php(136): Symfony\\Component\\Mailer\\Transport\\AbstractTransport->send(Object(Symfony\\Component\\Mailer\\SentMessage), Object(Symfony\\Component\\Mailer\\DelayedEnvelope))
#5 /home/mbus0/mbus.if.ua/api-dev/vendor/laravel/framework/src/Illuminate/Mail/Mailer.php(521): Symfony\\Component\\Mailer\\Transport\\Smtp\\SmtpTransport->send(Object(Symfony\\Component\\Mime\\Email), Object(Symfony\\Component\\Mailer\\DelayedEnvelope))
#6 /home/mbus0/mbus.if.ua/api-dev/vendor/laravel/framework/src/Illuminate/Mail/Mailer.php(285): Illuminate\\Mail\\Mailer->sendSymfonyMessage(Object(Symfony\\Component\\Mime\\Email))
#7 /home/mbus0/mbus.if.ua/api-dev/vendor/laravel/framework/src/Illuminate/Mail/Mailable.php(211): Illuminate\\Mail\\Mailer->send(Object(Illuminate\\Support\\HtmlString), Array, Object(Closure))
#8 /home/mbus0/mbus.if.ua/api-dev/vendor/laravel/framework/src/Illuminate/Support/Traits/Localizable.php(19): Illuminate\\Mail\\Mailable->Illuminate\\Mail\\{closure}()
#9 /home/mbus0/mbus.if.ua/api-dev/vendor/laravel/framework/src/Illuminate/Mail/Mailable.php(212): Illuminate\\Mail\\Mailable->withLocale(NULL, Object(Closure))
#10 /home/mbus0/mbus.if.ua/api-dev/vendor/laravel/framework/src/Illuminate/Mail/Mailer.php(307): Illuminate\\Mail\\Mailable->send(Object(Illuminate\\Mail\\Mailer))
#11 /home/mbus0/mbus.if.ua/api-dev/vendor/laravel/framework/src/Illuminate/Mail/Mailer.php(253): Illuminate\\Mail\\Mailer->sendMailable(Object(App\\Mail\\SendMail))
#12 /home/mbus0/mbus.if.ua/api-dev/vendor/laravel/framework/src/Illuminate/Mail/PendingMail.php(124): Illuminate\\Mail\\Mailer->send(Object(App\\Mail\\SendMail))
#13 /home/mbus0/mbus.if.ua/api-dev/app/Http/Controllers/PasswordResetRequestController.php(41): Illuminate\\Mail\\PendingMail->send(Object(App\\Mail\\SendMail))
#14 /home/mbus0/mbus.if.ua/api-dev/app/Http/Controllers/PasswordResetRequestController.php(29): App\\Http\\Controllers\\PasswordResetRequestController->sendMail('trinitysmiles+b...')
#15 /home/mbus0/mbus.if.ua/api-dev/vendor/laravel/framework/src/Illuminate/Routing/Controller.php(54): App\\Http\\Controllers\\PasswordResetRequestController->sendPasswordResetEmail(Object(Illuminate\\Http\\Request))
#16 /home/mbus0/mbus.if.ua/api-dev/vendor/laravel/framework/src/Illuminate/Routing/ControllerDispatcher.php(45): Illuminate\\Routing\\Controller->callAction('sendPasswordRes...', Array)
#17 /home/mbus0/mbus.if.ua/api-dev/vendor/laravel/framework/src/Illuminate/Routing/Route.php(261): Illuminate\\Routing\\ControllerDispatcher->dispatch(Object(Illuminate\\Routing\\Route), Object(App\\Http\\Controllers\\PasswordResetRequestController), 'sendPasswordRes...')
#18 /home/mbus0/mbus.if.ua/api-dev/vendor/laravel/framework/src/Illuminate/Routing/Route.php(204): Illuminate\\Routing\\Route->runController()
#19 /home/mbus0/mbus.if.ua/api-dev/vendor/laravel/framework/src/Illuminate/Routing/Router.php(725): Illuminate\\Routing\\Route->run()
#20 /home/mbus0/mbus.if.ua/api-dev/vendor/laravel/framework/src/Illuminate/Pipeline/Pipeline.php(141): Illuminate\\Routing\\Router->Illuminate\\Routing\\{closure}(Object(Illuminate\\Http\\Request))
#21 /home/mbus0/mbus.if.ua/api-dev/vendor/laravel/framework/src/Illuminate/Routing/Middleware/SubstituteBindings.php(50): Illuminate\\Pipeline\\Pipeline->Illuminate\\Pipeline\\{closure}(Object(Illuminate\\Http\\Request))
#22 /home/mbus0/mbus.if.ua/api-dev/vendor/laravel/framework/src/Illuminate/Pipeline/Pipeline.php(180): Illuminate\\Routing\\Middleware\\SubstituteBindings->handle(Object(Illuminate\\Http\\Request), Object(Closure))
#23 /home/mbus0/mbus.if.ua/api-dev/vendor/laravel/framework/src/Illuminate/Routing/Middleware/ThrottleRequests.php(126): Illuminate\\Pipeline\\Pipeline->Illuminate\\Pipeline\\{closure}(Object(Illuminate\\Http\\Request))
#24 /home/mbus0/mbus.if.ua/api-dev/vendor/laravel/framework/src/Illuminate/Routing/Middleware/ThrottleRequests.php(102): Illuminate\\Routing\\Middleware\\ThrottleRequests->handleRequest(Object(Illuminate\\Http\\Request), Object(Closure), Array)
#25 /home/mbus0/mbus.if.ua/api-dev/vendor/laravel/framework/src/Illuminate/Routing/Middleware/ThrottleRequests.php(54): Illuminate\\Routing\\Middleware\\ThrottleRequests->handleRequestUsingNamedLimiter(Object(Illuminate\\Http\\Request), Object(Closure), 'api', Object(Closure))
#26 /home/mbus0/mbus.if.ua/api-dev/vendor/laravel/framework/src/Illuminate/Pipeline/Pipeline.php(180): Illuminate\\Routing\\Middleware\\ThrottleRequests->handle(Object(Illuminate\\Http\\Request), Object(Closure), 'api')
#27 /home/mbus0/mbus.if.ua/api-dev/vendor/laravel/framework/src/Illuminate/Pipeline/Pipeline.php(116): Illuminate\\Pipeline\\Pipeline->Illuminate\\Pipeline\\{closure}(Object(Illuminate\\Http\\Request))
#28 /home/mbus0/mbus.if.ua/api-dev/vendor/laravel/framework/src/Illuminate/Routing/Router.php(726): Illuminate\\Pipeline\\Pipeline->then(Object(Closure))
#29 /home/mbus0/mbus.if.ua/api-dev/vendor/laravel/framework/src/Illuminate/Routing/Router.php(703): Illuminate\\Routing\\Router->runRouteWithinStack(Object(Illuminate\\Routing\\Route), Object(Illuminate\\Http\\Request))
#30 /home/mbus0/mbus.if.ua/api-dev/vendor/laravel/framework/src/Illuminate/Routing/Router.php(667): Illuminate\\Routing\\Router->runRoute(Object(Illuminate\\Http\\Request), Object(Illuminate\\Routing\\Route))
#31 /home/mbus0/mbus.if.ua/api-dev/vendor/laravel/framework/src/Illuminate/Routing/Router.php(656): Illuminate\\Routing\\Router->dispatchToRoute(Object(Illuminate\\Http\\Request))
#32 /home/mbus0/mbus.if.ua/api-dev/vendor/laravel/framework/src/Illuminate/Foundation/Http/Kernel.php(167): Illuminate\\Routing\\Router->dispatch(Object(Illuminate\\Http\\Request))
#33 /home/mbus0/mbus.if.ua/api-dev/vendor/laravel/framework/src/Illuminate/Pipeline/Pipeline.php(141): Illuminate\\Foundation\\Http\\Kernel->Illuminate\\Foundation\\Http\\{closure}(Object(Illuminate\\Http\\Request))
#34 /home/mbus0/mbus.if.ua/api-dev/vendor/laravel/framework/src/Illuminate/Foundation/Http/Middleware/TransformsRequest.php(21): Illuminate\\Pipeline\\Pipeline->Illuminate\\Pipeline\\{closure}(Object(Illuminate\\Http\\Request))
#35 /home/mbus0/mbus.if.ua/api-dev/vendor/laravel/framework/src/Illuminate/Foundation/Http/Middleware/ConvertEmptyStringsToNull.php(31): Illuminate\\Foundation\\Http\\Middleware\\TransformsRequest->handle(Object(Illuminate\\Http\\Request), Object(Closure))
#36 /home/mbus0/mbus.if.ua/api-dev/vendor/laravel/framework/src/Illuminate/Pipeline/Pipeline.php(180): Illuminate\\Foundation\\Http\\Middleware\\ConvertEmptyStringsToNull->handle(Object(Illuminate\\Http\\Request), Object(Closure))
#37 /home/mbus0/mbus.if.ua/api-dev/vendor/laravel/framework/src/Illuminate/Foundation/Http/Middleware/TransformsRequest.php(21): Illuminate\\Pipeline\\Pipeline->Illuminate\\Pipeline\\{closure}(Object(Illuminate\\Http\\Request))
#38 /home/mbus0/mbus.if.ua/api-dev/vendor/laravel/framework/src/Illuminate/Foundation/Http/Middleware/TrimStrings.php(40): Illuminate\\Foundation\\Http\\Middleware\\TransformsRequest->handle(Object(Illuminate\\Http\\Request), Object(Closure))
#39 /home/mbus0/mbus.if.ua/api-dev/vendor/laravel/framework/src/Illuminate/Pipeline/Pipeline.php(180): Illuminate\\Foundation\\Http\\Middleware\\TrimStrings->handle(Object(Illuminate\\Http\\Request), Object(Closure))
#40 /home/mbus0/mbus.if.ua/api-dev/vendor/laravel/framework/src/Illuminate/Foundation/Http/Middleware/ValidatePostSize.php(27): Illuminate\\Pipeline\\Pipeline->Illuminate\\Pipeline\\{closure}(Object(Illuminate\\Http\\Request))
#41 /home/mbus0/mbus.if.ua/api-dev/vendor/laravel/framework/src/Illuminate/Pipeline/Pipeline.php(180): Illuminate\\Foundation\\Http\\Middleware\\ValidatePostSize->handle(Object(Illuminate\\Http\\Request), Object(Closure))
#42 /home/mbus0/mbus.if.ua/api-dev/vendor/laravel/framework/src/Illuminate/Foundation/Http/Middleware/PreventRequestsDuringMaintenance.php(86): Illuminate\\Pipeline\\Pipeline->Illuminate\\Pipeline\\{closure}(Object(Illuminate\\Http\\Request))
#43 /home/mbus0/mbus.if.ua/api-dev/vendor/laravel/framework/src/Illuminate/Pipeline/Pipeline.php(180): Illuminate\\Foundation\\Http\\Middleware\\PreventRequestsDuringMaintenance->handle(Object(Illuminate\\Http\\Request), Object(Closure))
#44 /home/mbus0/mbus.if.ua/api-dev/vendor/laravel/framework/src/Illuminate/Http/Middleware/HandleCors.php(62): Illuminate\\Pipeline\\Pipeline->Illuminate\\Pipeline\\{closure}(Object(Illuminate\\Http\\Request))
#45 /home/mbus0/mbus.if.ua/api-dev/vendor/laravel/framework/src/Illuminate/Pipeline/Pipeline.php(180): Illuminate\\Http\\Middleware\\HandleCors->handle(Object(Illuminate\\Http\\Request), Object(Closure))
#46 /home/mbus0/mbus.if.ua/api-dev/vendor/laravel/framework/src/Illuminate/Http/Middleware/TrustProxies.php(39): Illuminate\\Pipeline\\Pipeline->Illuminate\\Pipeline\\{closure}(Object(Illuminate\\Http\\Request))
#47 /home/mbus0/mbus.if.ua/api-dev/vendor/laravel/framework/src/Illuminate/Pipeline/Pipeline.php(180): Illuminate\\Http\\Middleware\\TrustProxies->handle(Object(Illuminate\\Http\\Request), Object(Closure))
#48 /home/mbus0/mbus.if.ua/api-dev/vendor/laravel/framework/src/Illuminate/Pipeline/Pipeline.php(116): Illuminate\\Pipeline\\Pipeline->Illuminate\\Pipeline\\{closure}(Object(Illuminate\\Http\\Request))
#49 /home/mbus0/mbus.if.ua/api-dev/vendor/laravel/framework/src/Illuminate/Foundation/Http/Kernel.php(142): Illuminate\\Pipeline\\Pipeline->then(Object(Closure))
#50 /home/mbus0/mbus.if.ua/api-dev/vendor/laravel/framework/src/Illuminate/Foundation/Http/Kernel.php(111): Illuminate\\Foundation\\Http\\Kernel->sendRequestThroughRouter(Object(Illuminate\\Http\\Request))
#51 /home/mbus0/mbus.if.ua/api-dev/public/index.php(52): Illuminate\\Foundation\\Http\\Kernel->handle(Object(Illuminate\\Http\\Request))
#52 {main}
"} 
